<?xml version="1.0" encoding="UTF-8"?>
<testng-results ignored="0" total="1" passed="1" failed="0" skipped="0">
  <reporter-output>
  </reporter-output>
  <suite started-at="2026-07-14T07:14:13 IST" name="Default suite" finished-at="2026-07-14T07:14:22 IST" duration-ms="9072">
    <groups>
    </groups>
    <test started-at="2026-07-14T07:14:13 IST" name="Default test" finished-at="2026-07-14T07:14:22 IST" duration-ms="9072">
      <class name="com.selenium.test.AppTest">
        <test-method signature="shouldAnswerWithTrue()[pri:0, instance:com.selenium.test.AppTest@e350b40]" started-at="2026-07-14T07:14:13 IST" name="shouldAnswerWithTrue" finished-at="2026-07-14T07:14:22 IST" duration-ms="8915" status="PASS">
          <reporter-output>
          </reporter-output>
        </test-method> <!-- shouldAnswerWithTrue -->
      </class> <!-- com.selenium.test.AppTest -->
    </test> <!-- Default test -->
  </suite> <!-- Default suite -->
</testng-results>
